<?xml version="1.0" encoding="UTF-8"?>
<!-- Generated by org.testng.reporters.JUnitReportReporter -->
<testsuite hostname="DESKTOP-I0LFD2B" failures="0" tests="3" name="testsuite.Testcase1" time="0.002" errors="0" timestamp="2021-04-10T22:28:15 IST" skipped="0">
  <testcase classname="testsuite.Testcase1" name="test1" time="0.002"/>
  <system-out/>
  <testcase classname="testsuite.Testcase1" name="test2" time="0.000"/>
  <system-out/>
  <testcase classname="testsuite.Testcase1" name="otherTest" time="0.000"/>
  <system-out/>
</testsuite> <!-- testsuite.Testcase1 -->
