<?xml version="1.0" encoding="UTF-8"?>
<!-- Generated by org.testng.reporters.JUnitReportReporter -->
<testsuite hostname="DESKTOP-I0LFD2B" failures="0" tests="2" name="testsuite.Testcase2" time="0.000" errors="0" timestamp="2021-04-10T22:28:15 IST" skipped="0">
  <testcase classname="testsuite.Testcase2" name="test4" time="0.000"/>
  <system-out/>
  <testcase classname="testsuite.Testcase2" name="test3" time="0.000"/>
  <system-out/>
</testsuite> <!-- testsuite.Testcase2 -->
