<?xml version="1.0" encoding="UTF-8"?>
<!-- Generated by org.testng.reporters.JUnitReportReporter -->
<testsuite hostname="DESKTOP-I0LFD2B" failures="0" tests="1" name="TestNGProject.TestNGProject.AppTest" time="0.001" errors="0" timestamp="2021-04-10T22:28:15 IST" skipped="0">
  <testcase classname="TestNGProject.TestNGProject.AppTest" name="testApp" time="0.001"/>
  <system-out/>
</testsuite> <!-- TestNGProject.TestNGProject.AppTest -->
