<?xml version="1.0" encoding="UTF-8"?>
<!-- Generated by org.testng.reporters.JUnitReportReporter -->
<testsuite skipped="0" hostname="DESKTOP-I0LFD2B" name="testsuite.NewLoginTest" tests="1" failures="0" timestamp="2021-04-11T19:14:08 IST" time="12.315" errors="0">
  <testcase name="Login" time="12.315" classname="testsuite.NewLoginTest"/>
  <system-out/>
</testsuite> <!-- testsuite.NewLoginTest -->
