<?xml version="1.0" encoding="UTF-8"?>
<!-- Generated by org.testng.reporters.JUnitReportReporter -->
<testsuite hostname="DESKTOP-I0LFD2B" failures="0" tests="2" name="testsuite.Testcase2" time="0.005" errors="0" timestamp="10 Apr 2021 14:52:14 GMT">
  <testcase classname="testsuite.Testcase2" name="test3" time="0.004"/>
  <testcase classname="testsuite.Testcase2" name="test4" time="0.001"/>
</testsuite>
