<?xml version="1.0" encoding="UTF-8"?>
<!-- Generated by org.testng.reporters.JUnitReportReporter -->
<testsuite skipped="0" hostname="DESKTOP-I0LFD2B" name="testsuite.ApachePOI" tests="1" failures="0" timestamp="2021-04-11T19:37:34 IST" time="9.684" errors="0">
  <testcase name="Login" time="9.684" classname="testsuite.ApachePOI"/>
  <system-out/>
</testsuite> <!-- testsuite.ApachePOI -->
