<?xml version="1.0" encoding="UTF-8"?>
<!-- Generated by org.testng.reporters.JUnitReportReporter -->
<testsuite hostname="DESKTOP-I0LFD2B" name="testsuite.Testcase1" tests="3" failures="0" timestamp="10 Apr 2021 16:49:34 GMT" time="0.006" errors="0">
  <testcase name="test1" time="0.000" classname="testsuite.Testcase1"/>
  <testcase name="otherTest" time="0.000" classname="testsuite.Testcase1"/>
  <testcase name="test2" time="0.006" classname="testsuite.Testcase1"/>
</testsuite>
