<?xml version="1.0" encoding="UTF-8"?>
<!-- Generated by org.testng.reporters.JUnitReportReporter -->
<testsuite hostname="DESKTOP-I0LFD2B" failures="0" tests="1" name="testsuite.NewLoginTest" time="9.379" errors="0" timestamp="2021-04-10T22:42:30 IST" skipped="0">
  <testcase classname="testsuite.NewLoginTest" name="Login" time="9.379"/>
  <system-out/>
</testsuite> <!-- testsuite.NewLoginTest -->
